<?xml version="1.0" encoding="UTF-8" ?>
<testsuites>
  <testsuite errors="0" failures="0" hostname="forpla037" id="0" name="StoreControllerSpec" package="gtunes" tests="1" time="2.577" timestamp="2014-04-21T20:57:35">
      <properties />

      <testcase classname="gtunes.StoreControllerSpec" name="test index" time="2.556" />

      <system-out><![CDATA[--Output from test index--
]]></system-out>

      <system-err><![CDATA[--Output from test index--
]]></system-err>

  </testsuite>
</testsuites>
